{"/home/ivan/Park/semestr3/Testing/Technopark_calculator/main.js": {"path":"/home/ivan/Park/semestr3/Testing/Technopark_calculator/main.js","statementMap":{"0":{"start":{"line":3,"column":26},"end":{"line":3,"column":75}},"1":{"start":{"line":4,"column":26},"end":{"line":4,"column":77}},"2":{"start":{"line":6,"column":18},"end":{"line":6,"column":82}},"3":{"start":{"line":8,"column":2},"end":{"line":10,"column":5}},"4":{"start":{"line":9,"column":4},"end":{"line":9,"column":32}},"5":{"start":{"line":12,"column":2},"end":{"line":16,"column":3}},"6":{"start":{"line":13,"column":4},"end":{"line":15,"column":7}},"7":{"start":{"line":14,"column":6},"end":{"line":14,"column":38}},"8":{"start":{"line":18,"column":2},"end":{"line":26,"column":3}},"9":{"start":{"line":19,"column":4},"end":{"line":25,"column":7}},"10":{"start":{"line":20,"column":6},"end":{"line":22,"column":7}},"11":{"start":{"line":21,"column":8},"end":{"line":21,"column":15}},"12":{"start":{"line":23,"column":6},"end":{"line":23,"column":32}},"13":{"start":{"line":24,"column":6},"end":{"line":24,"column":58}},"14":{"start":{"line":30,"column":0},"end":{"line":30,"column":64}},"15":{"start":{"line":32,"column":0},"end":{"line":32,"column":34}}},"fnMap":{"0":{"name":"startApplication","decl":{"start":{"line":1,"column":15},"end":{"line":1,"column":31}},"loc":{"start":{"line":1,"column":34},"end":{"line":28,"column":1}},"line":1},"1":{"name":"(anonymous_1)","decl":{"start":{"line":8,"column":75},"end":{"line":8,"column":76}},"loc":{"start":{"line":8,"column":86},"end":{"line":10,"column":3}},"line":8},"2":{"name":"(anonymous_2)","decl":{"start":{"line":13,"column":49},"end":{"line":13,"column":50}},"loc":{"start":{"line":13,"column":60},"end":{"line":15,"column":5}},"line":13},"3":{"name":"(anonymous_3)","decl":{"start":{"line":19,"column":48},"end":{"line":19,"column":49}},"loc":{"start":{"line":19,"column":59},"end":{"line":25,"column":5}},"line":19}},"branchMap":{"0":{"loc":{"start":{"line":20,"column":6},"end":{"line":22,"column":7}},"type":"if","locations":[{"start":{"line":20,"column":6},"end":{"line":22,"column":7}},{"start":{"line":20,"column":6},"end":{"line":22,"column":7}}],"line":20},"1":{"loc":{"start":{"line":20,"column":10},"end":{"line":20,"column":77}},"type":"binary-expr","locations":[{"start":{"line":20,"column":10},"end":{"line":20,"column":43}},{"start":{"line":20,"column":47},"end":{"line":20,"column":77}}],"line":20}},"s":{"0":0,"1":0,"2":0,"3":0,"4":0,"5":0,"6":0,"7":0,"8":0,"9":0,"10":0,"11":0,"12":0,"13":0,"14":1,"15":1},"f":{"0":0,"1":0,"2":0,"3":0},"b":{"0":[0,0],"1":[0,0]},"_coverageSchema":"332fd63041d2c1bcb487cc26dd0d5f7d97098a6c","hash":"26e1fb51fe6727a8b7cb1e484622fa9371597f11"}
,"/home/ivan/Park/semestr3/Testing/Technopark_calculator/operators.js": {"path":"/home/ivan/Park/semestr3/Testing/Technopark_calculator/operators.js","statementMap":{"0":{"start":{"line":4,"column":4},"end":{"line":9,"column":5}},"1":{"start":{"line":7,"column":6},"end":{"line":7,"column":58}},"2":{"start":{"line":8,"column":6},"end":{"line":8,"column":18}},"3":{"start":{"line":10,"column":4},"end":{"line":10,"column":23}},"4":{"start":{"line":11,"column":4},"end":{"line":11,"column":31}},"5":{"start":{"line":13,"column":4},"end":{"line":13,"column":30}},"6":{"start":{"line":14,"column":4},"end":{"line":14,"column":25}},"7":{"start":{"line":15,"column":4},"end":{"line":15,"column":26}},"8":{"start":{"line":16,"column":4},"end":{"line":21,"column":5}},"9":{"start":{"line":22,"column":4},"end":{"line":22,"column":26}},"10":{"start":{"line":26,"column":4},"end":{"line":34,"column":5}},"11":{"start":{"line":28,"column":6},"end":{"line":28,"column":33}},"12":{"start":{"line":29,"column":6},"end":{"line":29,"column":28}},"13":{"start":{"line":30,"column":6},"end":{"line":30,"column":18}},"14":{"start":{"line":32,"column":6},"end":{"line":32,"column":40}},"15":{"start":{"line":33,"column":6},"end":{"line":33,"column":17}},"16":{"start":{"line":38,"column":4},"end":{"line":43,"column":5}},"17":{"start":{"line":39,"column":6},"end":{"line":39,"column":32}},"18":{"start":{"line":40,"column":6},"end":{"line":40,"column":29}},"19":{"start":{"line":42,"column":6},"end":{"line":42,"column":12}},"20":{"start":{"line":47,"column":22},"end":{"line":47,"column":44}},"21":{"start":{"line":48,"column":4},"end":{"line":69,"column":5}},"22":{"start":{"line":49,"column":6},"end":{"line":49,"column":56}},"23":{"start":{"line":50,"column":6},"end":{"line":52,"column":7}},"24":{"start":{"line":51,"column":8},"end":{"line":51,"column":20}},"25":{"start":{"line":53,"column":6},"end":{"line":53,"column":41}},"26":{"start":{"line":54,"column":6},"end":{"line":54,"column":28}},"27":{"start":{"line":56,"column":6},"end":{"line":58,"column":7}},"28":{"start":{"line":57,"column":8},"end":{"line":57,"column":15}},"29":{"start":{"line":59,"column":6},"end":{"line":59,"column":57}},"30":{"start":{"line":60,"column":26},"end":{"line":60,"column":62}},"31":{"start":{"line":61,"column":6},"end":{"line":61,"column":78}},"32":{"start":{"line":62,"column":6},"end":{"line":62,"column":32}},"33":{"start":{"line":63,"column":6},"end":{"line":63,"column":56}},"34":{"start":{"line":64,"column":6},"end":{"line":64,"column":28}},"35":{"start":{"line":65,"column":6},"end":{"line":67,"column":7}},"36":{"start":{"line":66,"column":8},"end":{"line":66,"column":43}},"37":{"start":{"line":68,"column":6},"end":{"line":68,"column":28}},"38":{"start":{"line":73,"column":4},"end":{"line":76,"column":5}},"39":{"start":{"line":74,"column":6},"end":{"line":74,"column":60}},"40":{"start":{"line":75,"column":6},"end":{"line":75,"column":17}},"41":{"start":{"line":77,"column":4},"end":{"line":77,"column":38}},"42":{"start":{"line":81,"column":4},"end":{"line":84,"column":5}},"43":{"start":{"line":82,"column":6},"end":{"line":82,"column":63}},"44":{"start":{"line":83,"column":6},"end":{"line":83,"column":17}},"45":{"start":{"line":85,"column":4},"end":{"line":85,"column":38}},"46":{"start":{"line":89,"column":4},"end":{"line":92,"column":5}},"47":{"start":{"line":90,"column":6},"end":{"line":90,"column":66}},"48":{"start":{"line":91,"column":6},"end":{"line":91,"column":17}},"49":{"start":{"line":93,"column":4},"end":{"line":93,"column":38}},"50":{"start":{"line":97,"column":4},"end":{"line":103,"column":5}},"51":{"start":{"line":98,"column":6},"end":{"line":98,"column":60}},"52":{"start":{"line":99,"column":6},"end":{"line":99,"column":17}},"53":{"start":{"line":100,"column":11},"end":{"line":103,"column":5}},"54":{"start":{"line":101,"column":6},"end":{"line":101,"column":41}},"55":{"start":{"line":102,"column":6},"end":{"line":102,"column":17}},"56":{"start":{"line":104,"column":4},"end":{"line":104,"column":38}},"57":{"start":{"line":108,"column":0},"end":{"line":108,"column":27}}},"fnMap":{"0":{"name":"(anonymous_0)","decl":{"start":{"line":3,"column":2},"end":{"line":3,"column":3}},"loc":{"start":{"line":3,"column":21},"end":{"line":23,"column":3}},"line":3},"1":{"name":"(anonymous_1)","decl":{"start":{"line":25,"column":2},"end":{"line":25,"column":3}},"loc":{"start":{"line":25,"column":15},"end":{"line":35,"column":3}},"line":25},"2":{"name":"(anonymous_2)","decl":{"start":{"line":37,"column":2},"end":{"line":37,"column":3}},"loc":{"start":{"line":37,"column":18},"end":{"line":44,"column":3}},"line":37},"3":{"name":"(anonymous_3)","decl":{"start":{"line":46,"column":2},"end":{"line":46,"column":3}},"loc":{"start":{"line":46,"column":24},"end":{"line":70,"column":3}},"line":46},"4":{"name":"(anonymous_4)","decl":{"start":{"line":72,"column":2},"end":{"line":72,"column":3}},"loc":{"start":{"line":72,"column":45},"end":{"line":78,"column":3}},"line":72},"5":{"name":"(anonymous_5)","decl":{"start":{"line":80,"column":2},"end":{"line":80,"column":3}},"loc":{"start":{"line":80,"column":48},"end":{"line":86,"column":3}},"line":80},"6":{"name":"(anonymous_6)","decl":{"start":{"line":88,"column":2},"end":{"line":88,"column":3}},"loc":{"start":{"line":88,"column":51},"end":{"line":94,"column":3}},"line":88},"7":{"name":"(anonymous_7)","decl":{"start":{"line":96,"column":2},"end":{"line":96,"column":3}},"loc":{"start":{"line":96,"column":45},"end":{"line":105,"column":3}},"line":96}},"branchMap":{"0":{"loc":{"start":{"line":4,"column":4},"end":{"line":9,"column":5}},"type":"if","locations":[{"start":{"line":4,"column":4},"end":{"line":9,"column":5}},{"start":{"line":4,"column":4},"end":{"line":9,"column":5}}],"line":4},"1":{"loc":{"start":{"line":4,"column":8},"end":{"line":6,"column":32}},"type":"binary-expr","locations":[{"start":{"line":4,"column":8},"end":{"line":4,"column":34}},{"start":{"line":5,"column":9},"end":{"line":5,"column":36}},{"start":{"line":6,"column":9},"end":{"line":6,"column":32}}],"line":4},"2":{"loc":{"start":{"line":26,"column":4},"end":{"line":34,"column":5}},"type":"if","locations":[{"start":{"line":26,"column":4},"end":{"line":34,"column":5}},{"start":{"line":26,"column":4},"end":{"line":34,"column":5}}],"line":26},"3":{"loc":{"start":{"line":26,"column":8},"end":{"line":27,"column":43}},"type":"binary-expr","locations":[{"start":{"line":26,"column":8},"end":{"line":26,"column":32}},{"start":{"line":27,"column":9},"end":{"line":27,"column":43}}],"line":26},"4":{"loc":{"start":{"line":38,"column":4},"end":{"line":43,"column":5}},"type":"if","locations":[{"start":{"line":38,"column":4},"end":{"line":43,"column":5}},{"start":{"line":38,"column":4},"end":{"line":43,"column":5}}],"line":38},"5":{"loc":{"start":{"line":48,"column":4},"end":{"line":69,"column":5}},"type":"if","locations":[{"start":{"line":48,"column":4},"end":{"line":69,"column":5}},{"start":{"line":48,"column":4},"end":{"line":69,"column":5}}],"line":48},"6":{"loc":{"start":{"line":50,"column":6},"end":{"line":52,"column":7}},"type":"if","locations":[{"start":{"line":50,"column":6},"end":{"line":52,"column":7}},{"start":{"line":50,"column":6},"end":{"line":52,"column":7}}],"line":50},"7":{"loc":{"start":{"line":50,"column":10},"end":{"line":50,"column":56}},"type":"binary-expr","locations":[{"start":{"line":50,"column":10},"end":{"line":50,"column":29}},{"start":{"line":50,"column":33},"end":{"line":50,"column":56}}],"line":50},"8":{"loc":{"start":{"line":56,"column":6},"end":{"line":58,"column":7}},"type":"if","locations":[{"start":{"line":56,"column":6},"end":{"line":58,"column":7}},{"start":{"line":56,"column":6},"end":{"line":58,"column":7}}],"line":56},"9":{"loc":{"start":{"line":65,"column":6},"end":{"line":67,"column":7}},"type":"if","locations":[{"start":{"line":65,"column":6},"end":{"line":67,"column":7}},{"start":{"line":65,"column":6},"end":{"line":67,"column":7}}],"line":65},"10":{"loc":{"start":{"line":73,"column":4},"end":{"line":76,"column":5}},"type":"if","locations":[{"start":{"line":73,"column":4},"end":{"line":76,"column":5}},{"start":{"line":73,"column":4},"end":{"line":76,"column":5}}],"line":73},"11":{"loc":{"start":{"line":73,"column":8},"end":{"line":73,"column":77}},"type":"binary-expr","locations":[{"start":{"line":73,"column":8},"end":{"line":73,"column":40}},{"start":{"line":73,"column":44},"end":{"line":73,"column":77}}],"line":73},"12":{"loc":{"start":{"line":81,"column":4},"end":{"line":84,"column":5}},"type":"if","locations":[{"start":{"line":81,"column":4},"end":{"line":84,"column":5}},{"start":{"line":81,"column":4},"end":{"line":84,"column":5}}],"line":81},"13":{"loc":{"start":{"line":81,"column":8},"end":{"line":81,"column":77}},"type":"binary-expr","locations":[{"start":{"line":81,"column":8},"end":{"line":81,"column":40}},{"start":{"line":81,"column":44},"end":{"line":81,"column":77}}],"line":81},"14":{"loc":{"start":{"line":89,"column":4},"end":{"line":92,"column":5}},"type":"if","locations":[{"start":{"line":89,"column":4},"end":{"line":92,"column":5}},{"start":{"line":89,"column":4},"end":{"line":92,"column":5}}],"line":89},"15":{"loc":{"start":{"line":89,"column":8},"end":{"line":89,"column":77}},"type":"binary-expr","locations":[{"start":{"line":89,"column":8},"end":{"line":89,"column":40}},{"start":{"line":89,"column":44},"end":{"line":89,"column":77}}],"line":89},"16":{"loc":{"start":{"line":97,"column":4},"end":{"line":103,"column":5}},"type":"if","locations":[{"start":{"line":97,"column":4},"end":{"line":103,"column":5}},{"start":{"line":97,"column":4},"end":{"line":103,"column":5}}],"line":97},"17":{"loc":{"start":{"line":97,"column":8},"end":{"line":97,"column":77}},"type":"binary-expr","locations":[{"start":{"line":97,"column":8},"end":{"line":97,"column":40}},{"start":{"line":97,"column":44},"end":{"line":97,"column":77}}],"line":97},"18":{"loc":{"start":{"line":100,"column":11},"end":{"line":103,"column":5}},"type":"if","locations":[{"start":{"line":100,"column":11},"end":{"line":103,"column":5}},{"start":{"line":100,"column":11},"end":{"line":103,"column":5}}],"line":100}},"s":{"0":11,"1":2,"2":2,"3":9,"4":9,"5":9,"6":9,"7":9,"8":9,"9":9,"10":2,"11":1,"12":1,"13":1,"14":1,"15":1,"16":2,"17":1,"18":1,"19":1,"20":5,"21":5,"22":2,"23":2,"24":1,"25":1,"26":1,"27":3,"28":1,"29":2,"30":2,"31":2,"32":2,"33":2,"34":2,"35":2,"36":1,"37":2,"38":4,"39":1,"40":1,"41":3,"42":2,"43":1,"44":1,"45":1,"46":2,"47":1,"48":1,"49":1,"50":3,"51":1,"52":1,"53":2,"54":1,"55":1,"56":1,"57":2},"f":{"0":11,"1":2,"2":2,"3":5,"4":4,"5":2,"6":2,"7":3},"b":{"0":[2,9],"1":[11,9,9],"2":[1,1],"3":[2,1],"4":[1,1],"5":[2,3],"6":[1,1],"7":[2,1],"8":[1,2],"9":[1,1],"10":[1,3],"11":[4,3],"12":[1,1],"13":[2,1],"14":[1,1],"15":[2,1],"16":[1,2],"17":[3,2],"18":[1,1]},"_coverageSchema":"332fd63041d2c1bcb487cc26dd0d5f7d97098a6c","hash":"6a3d7f8f2d877ee0f8fbb0aaa37fda635ec285f1"}
}
